<?xml version="1.0" encoding="UTF-8"?>
<testsuite name="com.magic.workshop2.HotelReservationTest" tests="1" skipped="0" failures="0" errors="0" timestamp="2021-06-09T17:13:13" hostname="DESKTOP-0RG9E2N" time="0.051">
  <properties/>
  <testcase name="hotelRating()" classname="com.magic.workshop2.HotelReservationTest" time="0.051"/>
  <system-out><![CDATA[]]></system-out>
  <system-err><![CDATA[]]></system-err>
</testsuite>
