<?xml version="1.0" encoding="UTF-8"?>
<testsuite name="com.magic.workshop2.HotelReservationTest" tests="4" skipped="0" failures="0" errors="0" timestamp="2021-06-09T09:13:56" hostname="DESKTOP-0RG9E2N" time="0.062">
  <properties/>
  <testcase name="checkCustomerType()" classname="com.magic.workshop2.HotelReservationTest" time="0.049"/>
  <testcase name="checkNameForHotel()" classname="com.magic.workshop2.HotelReservationTest" time="0.002"/>
  <testcase name="checkWeekendRate()" classname="com.magic.workshop2.HotelReservationTest" time="0.003"/>
  <testcase name="checkWeekRate()" classname="com.magic.workshop2.HotelReservationTest" time="0.002"/>
  <system-out><![CDATA[]]></system-out>
  <system-err><![CDATA[]]></system-err>
</testsuite>
