<?xml version="1.0" encoding="UTF-8"?>
<testsuite name="com.magic.workshop2.HotelReservationTest" tests="4" skipped="0" failures="0" errors="0" timestamp="2021-06-09T14:32:56" hostname="DESKTOP-0RG9E2N" time="0.086">
  <properties/>
  <testcase name="checkCustomerType()" classname="com.magic.workshop2.HotelReservationTest" time="0.049"/>
  <testcase name="checkNameForHotel()" classname="com.magic.workshop2.HotelReservationTest" time="0.002"/>
  <testcase name="checkCheapestHotel()" classname="com.magic.workshop2.HotelReservationTest" time="0.028"/>
  <testcase name="checkWeekRate()" classname="com.magic.workshop2.HotelReservationTest" time="0.001"/>
  <system-out><![CDATA[172800000
Hotel Name: LakeWood Total Rate is: 220
]]></system-out>
  <system-err><![CDATA[]]></system-err>
</testsuite>
