<?xml version="1.0" encoding="UTF-8"?>
<testsuite name="com.magic.workshop2.HotelReservationTest" tests="6" skipped="0" failures="0" errors="0" timestamp="2021-06-09T15:29:17" hostname="DESKTOP-0RG9E2N" time="0.084">
  <properties/>
  <testcase name="checkCheapestHotelForWeekend()" classname="com.magic.workshop2.HotelReservationTest" time="0.048"/>
  <testcase name="checkCustomerType()" classname="com.magic.workshop2.HotelReservationTest" time="0.003"/>
  <testcase name="checkNameForHotel()" classname="com.magic.workshop2.HotelReservationTest" time="0.002"/>
  <testcase name="checkWeekendRate()" classname="com.magic.workshop2.HotelReservationTest" time="0.001"/>
  <testcase name="checkCheapestHotelForWeekdays()" classname="com.magic.workshop2.HotelReservationTest" time="0.022"/>
  <testcase name="checkWeekRate()" classname="com.magic.workshop2.HotelReservationTest" time="0.001"/>
  <system-out><![CDATA[172800000
Hotel Name: LakeWood Total Rate is: 220
]]></system-out>
  <system-err><![CDATA[]]></system-err>
</testsuite>
